<?xml version="1.0" encoding="UTF-8"?>
<testsuite xmlns:xsi="http://www.w3.org/2001/XMLSchema-instance" xsi:noNamespaceSchemaLocation="https://maven.apache.org/surefire/maven-surefire-plugin/xsd/surefire-test-report.xsd" name="com.example.demo.Demo2ApplicationTests" time="11.569" tests="3" errors="0" skipped="0" failures="0">
  <properties>
[...]
</properties>
  <testcase name="indexData" classname="com.example.demo.Demo2ApplicationTests" time="0.441"/>
  <testcase name="searchData" classname="com.example.demo.Demo2ApplicationTests" time="0.004"/>
  <testcase name="contextLoads" classname="com.example.demo.Demo2ApplicationTests" time="1.103"/>
</testsuite>